<?xml version="1.0" encoding="UTF-8"?>
<!-- Generated by org.testng.reporters.JUnitXMLReporter -->
<testsuite hostname="AR-LT3" ignored="0" name="Default test" tests="4" failures="0" timestamp="29 Sep 2017 22:17:44 GMT" time="33.14" errors="0">
  <testcase name="guruBankLoginMgrID" time="15.336" classname="misael.GuruBankLoginMgrID"/>
  <testcase name="guruBankLoginMgrID" time="5.799" classname="misael.GuruBankLoginMgrID"/>
  <testcase name="guruBankLoginMgrID" time="6.298" classname="misael.GuruBankLoginMgrID"/>
  <testcase name="guruBankLoginMgrID" time="5.684" classname="misael.GuruBankLoginMgrID"/>
</testsuite> <!-- Default test -->
