<?xml version="1.0" encoding="UTF-8"?>
<testng-results skipped="0" failed="0" ignored="0" total="1" passed="1">
  <reporter-output>
  </reporter-output>
  <suite name="Default suite" duration-ms="9456" started-at="2017-09-29T15:48:49Z" finished-at="2017-09-29T15:48:58Z">
    <groups>
    </groups>
    <test name="Default test" duration-ms="9456" started-at="2017-09-29T15:48:49Z" finished-at="2017-09-29T15:48:58Z">
      <class name="misael.GuruBankLoginNG">
        <test-method status="PASS" signature="f()[pri:0, instance:misael.GuruBankLoginNG@5419f379]" name="f" duration-ms="9369" started-at="2017-09-29T12:48:49Z" finished-at="2017-09-29T12:48:58Z">
          <reporter-output>
          </reporter-output>
        </test-method> <!-- f -->
        <test-method status="PASS" signature="afterTest()[pri:0, instance:misael.GuruBankLoginNG@5419f379]" name="afterTest" is-config="true" duration-ms="68" started-at="2017-09-29T12:48:58Z" finished-at="2017-09-29T12:48:58Z">
          <reporter-output>
          </reporter-output>
        </test-method> <!-- afterTest -->
      </class> <!-- misael.GuruBankLoginNG -->
    </test> <!-- Default test -->
  </suite> <!-- Default suite -->
</testng-results>
